[  1943.973] 
X.Org X Server 1.21.1.4
X Protocol Version 11, Revision 0
[  1943.973] Current Operating System: Linux 9ad85e32cabd 5.15.0-53-generic #59-Ubuntu SMP Mon Oct 17 18:53:30 UTC 2022 x86_64
[  1943.973] Kernel command line: BOOT_IMAGE=/boot/vmlinuz-5.15.0-53-generic root=UUID=f34ef2e5-9032-46b3-870f-42f28c23edaa ro quiet splash vt.handoff=7
[  1943.974]  
[  1943.974] Current version of pixman: 0.40.0
[  1943.974] 	Before reporting problems, check http://wiki.x.org
	to make sure that you have the latest version.
[  1943.974] Markers: (--) probed, (**) from config file, (==) default setting,
	(++) from command line, (!!) notice, (II) informational,
	(WW) warning, (EE) error, (NI) not implemented, (??) unknown.
[  1943.974] (++) Log file: ".xorgxrdp.10.log", Time: Thu Nov 24 15:02:09 2022
[  1943.984] (++) Using config file: "/etc/X11/xrdp/xorg.conf"
[  1943.985] (==) Using system config directory "/usr/share/X11/xorg.conf.d"
[  1944.048] (**) Option "defaultserverlayout" "X11 Server"
[  1944.048] (**) ServerLayout "X11 Server"
[  1944.048] (**) |-->Screen "Screen (xrdpdev)" (0)
[  1944.049] (**) |   |-->Monitor "Monitor"
[  1944.049] (**) |   |-->Device "Video Card (xrdpdev)"
[  1944.049] (**) |-->Input Device "xrdpMouse"
[  1944.049] (**) |-->Input Device "xrdpKeyboard"
[  1944.049] (**) Option "DontVTSwitch" "on"
[  1944.049] (**) Option "AutoAddDevices" "off"
[  1944.049] (**) Not automatically adding devices
[  1944.049] (==) Automatically enabling devices
[  1944.049] (==) Automatically adding GPU devices
[  1944.049] (==) Automatically binding GPU devices
[  1944.049] (==) Max clients allowed: 256, resource mask: 0x1fffff
[  1944.191] (WW) The directory "/usr/share/fonts/TTF" does not exist.
[  1944.191] 	Entry deleted from font path.
[  1944.192] (WW) The directory "/usr/share/fonts/Type1" does not exist.
[  1944.192] 	Entry deleted from font path.
[  1944.192] (==) FontPath set to:
	/usr/share/fonts/misc,
	/usr/share/fonts/100dpi:unscaled,
	/usr/share/fonts/75dpi:unscaled
[  1944.192] (==) ModulePath set to "/usr/lib/xorg/modules"
[  1944.202] (II) Module ABI versions:
[  1944.202] 	X.Org ANSI C Emulation: 0.4
[  1944.203] 	X.Org Video Driver: 25.2
[  1944.203] 	X.Org XInput driver : 24.4
[  1944.203] 	X.Org Server Extension : 10.0
[  1944.204] (II) xfree86: Adding drm device (/dev/dri/card0)
[  1944.204] (II) Platform probe for /sys/devices/pci0000:00/0000:00:02.0/drm/card0
[  1944.213] (--) PCI:*(0@0:2:0) 8086:5912:1458:d000 rev 4, Mem @ 0xee000000/16777216, 0xd0000000/268435456, I/O @ 0x0000f000/64, BIOS @ 0x????????/131072
[  1944.213] (WW) Open ACPI failed (/var/run/acpid.socket) (No such file or directory)
[  1944.213] (II) "glx" will be loaded. This was enabled by default and also specified in the config file.
[  1944.213] (II) LoadModule: "dbe"
[  1944.213] (II) Module "dbe" already built-in
[  1944.213] (II) LoadModule: "ddc"
[  1944.213] (II) Module "ddc" already built-in
[  1944.213] (II) LoadModule: "extmod"
[  1944.214] (II) Module "extmod" already built-in
[  1944.214] (II) LoadModule: "glx"
[  1944.242] (II) Loading /usr/lib/xorg/modules/extensions/libglx.so
[  1944.615] (II) Module glx: vendor="X.Org Foundation"
[  1944.615] 	compiled for 1.21.1.4, module version = 1.0.0
[  1944.615] 	ABI class: X.Org Server Extension, version 10.0
[  1944.615] (II) LoadModule: "int10"
[  1944.615] (II) Loading /usr/lib/xorg/modules/libint10.so
[  1944.636] (II) Module int10: vendor="X.Org Foundation"
[  1944.637] 	compiled for 1.21.1.4, module version = 1.0.0
[  1944.637] 	ABI class: X.Org Video Driver, version 25.2
[  1944.637] (II) LoadModule: "record"
[  1944.637] (II) Module "record" already built-in
[  1944.637] (II) LoadModule: "vbe"
[  1944.637] (II) Loading /usr/lib/xorg/modules/libint10.so
[  1944.637] (II) Module int10: vendor="X.Org Foundation"
[  1944.637] 	compiled for 1.21.1.4, module version = 1.0.0
[  1944.637] 	ABI class: X.Org Video Driver, version 25.2
[  1944.637] (II) LoadModule: "xorgxrdp"
[  1944.637] (II) Loading /usr/lib/xorg/modules/libxorgxrdp.so
[  1944.650] (II) Module XORGXRDP: vendor="X.Org Foundation"
[  1944.650] 	compiled for 1.21.1.3, module version = 0.2.17
[  1944.650] 	ABI class: X.Org Video Driver, version 25.2
[  1944.650] xorgxrdpSetup:
[  1944.650] (II) LoadModule: "fb"
[  1944.650] (II) Module "fb" already built-in
[  1944.650] (II) LoadModule: "xrdpdev"
[  1944.651] (II) Loading /usr/lib/xorg/modules/drivers/xrdpdev_drv.so
[  1944.674] (II) Module XRDPDEV: vendor="X.Org Foundation"
[  1944.674] 	compiled for 1.21.1.3, module version = 0.2.17
[  1944.675] 	ABI class: X.Org Video Driver, version 25.2
[  1944.675] xrdpdevSetup:
[  1944.675] (II) LoadModule: "xrdpmouse"
[  1944.677] (II) Loading /usr/lib/xorg/modules/input/xrdpmouse_drv.so
[  1944.690] (II) Module XRDPMOUSE: vendor="X.Org Foundation"
[  1944.690] 	compiled for 1.21.1.3, module version = 0.2.17
[  1944.690] 	Module class: X.Org XInput Driver
[  1944.690] 	ABI class: X.Org XInput driver, version 24.4
[  1944.690] rdpmousePlug:
[  1944.690] (II) LoadModule: "xrdpkeyb"
[  1944.691] (II) Loading /usr/lib/xorg/modules/input/xrdpkeyb_drv.so
[  1944.724] (II) Module XRDPKEYB: vendor="X.Org Foundation"
[  1944.724] 	compiled for 1.21.1.3, module version = 0.2.17
[  1944.724] 	Module class: X.Org XInput Driver
[  1944.724] 	ABI class: X.Org XInput driver, version 24.4
[  1944.725] rdpkeybPlug:
[  1944.725] rdpIdentify:
[  1944.725] (II) XRDPDEV: driver for xrdp: XRDPDEV
[  1944.725] rdpDriverFunc: op 10
[  1944.725] (WW) Falling back to old probe method for XRDPDEV
[  1944.725] rdpProbe:
[  1944.725] (II) Loading sub module "fb"
[  1944.725] (II) LoadModule: "fb"
[  1944.725] (II) Module "fb" already built-in
[  1944.725] (II) XRDPDEV(0): using default device
[  1944.725] (WW) VGA arbiter: cannot open kernel arbiter, no multi-card support
[  1944.725] rdpPreInit:
[  1944.725] (**) XRDPDEV(0): Depth 24, (--) framebuffer bpp 32
[  1944.725] (==) XRDPDEV(0): RGB weight 888
[  1944.726] (==) XRDPDEV(0): Using gamma correction (1.0, 1.0, 1.0)
[  1944.726] (==) XRDPDEV(0): Default visual is TrueColor
[  1944.726] (==) XRDPDEV(0): DPI set to (96, 96)
[  1944.726] (II) XRDPDEV(0): 	mode "640x480" ok
[  1944.726] (II) XRDPDEV(0): 	mode "800x600" ok
[  1944.726] (II) XRDPDEV(0): Virtual size is 800x600 (pitch 800)
[  1944.726] (**) XRDPDEV(0):  Default mode "800x600": 36.0 MHz (scaled from 0.0 MHz), 35.2 kHz, 56.2 Hz
[  1944.726] (II) XRDPDEV(0): Modeline "800x600"x0.0   36.00  800 824 896 1024  600 601 603 625 +hsync +vsync (35.2 kHz d)
[  1944.726] rdpScreenInit: virtualX 800 virtualY 600 rgbBits 8 depth 24
[  1944.726] rdpScreenInit: pfbMemory bytes 1920000
[  1944.726] rdpScreenInit: pfbMemory 0x7f180520f3a0
[  1944.727] rdpSimdInit: assigning yuv functions
[  1944.727] rdpSimdInit: cpuid ax 1 cx 0 return ax 0x000906e9 bx 0x04100800 cx 0x7ffafbbf dx 0xbfebfbff
[  1944.727] rdpSimdInit: sse2 amd64 yuv functions assigned
[  1944.728] (==) XRDPDEV(0): Backing store enabled
[  1944.728] rdpClientConInit: disconnect idle session after [0] sec
[  1944.728] rdpClientConInit: kill disconnected [0] timeout [0] sec
[  1944.728] rdpXvInit: depth 24
[  1944.728] rdpScreenInit: out
[  1944.729] (II) Initializing extension Generic Event Extension
[  1944.730] (II) Initializing extension SHAPE
[  1944.731] (II) Initializing extension MIT-SHM
[  1944.733] (II) Initializing extension XInputExtension
[  1944.735] (II) Initializing extension XTEST
[  1944.737] (II) Initializing extension BIG-REQUESTS
[  1944.738] (II) Initializing extension SYNC
[  1944.738] (II) Initializing extension XKEYBOARD
[  1944.739] (II) Initializing extension XC-MISC
[  1944.740] (II) Initializing extension SECURITY
[  1944.741] (II) Initializing extension XFIXES
[  1944.742] (II) Initializing extension RENDER
[  1944.743] (II) Initializing extension RANDR
[  1944.749] (II) Initializing extension COMPOSITE
[  1944.750] (II) Initializing extension DAMAGE
[  1944.751] (II) Initializing extension MIT-SCREEN-SAVER
[  1944.751] (II) Initializing extension DOUBLE-BUFFER
[  1944.752] (II) Initializing extension RECORD
[  1944.753] (II) Initializing extension DPMS
[  1944.753] (II) Initializing extension Present
[  1944.753] (II) Initializing extension DRI3
[  1944.753] (II) Initializing extension X-Resource
[  1944.754] (II) Initializing extension XVideo
[  1944.758] (II) Initializing extension XVideo-MotionCompensation
[  1944.758] (II) Initializing extension GLX
[  1944.759] (II) AIGLX: Screen 0 is not DRI2 capable
[  1946.256] (II) IGLX: Loaded and initialized swrast
[  1946.256] (II) GLX: Initialized DRISWRAST GL provider for screen 0
[  1946.256] (II) Initializing extension XFree86-VidModeExtension
[  1946.257] (II) Initializing extension XFree86-DGA
[  1946.258] (II) Initializing extension XFree86-DRI
[  1946.258] (II) Initializing extension DRI2
[  1946.259] rdpCreateScreenResources:
[  1946.579] (II) Using input driver 'XRDPMOUSE' for 'xrdpMouse'
[  1946.579] (**) Option "CorePointer"
[  1946.579] (**) xrdpMouse: always reports core events
[  1946.580] rdpmousePreInit: drv 0x7f18059309d0 info 0x7f17fcf28b50, flags 0x0
[  1946.580] (II) XINPUT: Adding extended input device "xrdpMouse" (type: Mouse, id 6)
[  1946.580] rdpmouseControl: what 0
[  1946.580] rdpmouseDeviceInit:
[  1946.581] rdpmouseCtrl:
[  1946.581] rdpRegisterInputCallback: type 1 proc 0x7f18053ea3b1
[  1946.581] (**) xrdpMouse: (accel) keeping acceleration scheme 1
[  1946.581] (**) xrdpMouse: (accel) acceleration profile 0
[  1946.581] (**) xrdpMouse: (accel) acceleration factor: 2.000
[  1946.581] (**) xrdpMouse: (accel) acceleration threshold: 4
[  1946.582] rdpmouseControl: what 1
[  1946.582] rdpmouseDeviceOn:
[  1946.582] (II) Using input driver 'XRDPKEYB' for 'xrdpKeyboard'
[  1946.582] (**) Option "CoreKeyboard"
[  1946.583] (**) xrdpKeyboard: always reports core events
[  1946.583] rdpkeybPreInit: drv 0x7f1805930a70 info 0x7f17fcf28c90, flags 0x0
[  1946.583] (II) XINPUT: Adding extended input device "xrdpKeyboard" (type: Keyboard, id 7)
[  1946.583] rdpkeybControl: what 0
[  1946.585] rdpkeybDeviceInit:
[  1946.639] rdpkeybChangeKeyboardControl:
[  1946.639] rdpkeybChangeKeyboardControl: autoRepeat on
[  1946.639] rdpRegisterInputCallback: type 0 proc 0x7f18053e58ad
[  1946.639] rdpkeybControl: what 1
[  1946.639] rdpkeybDeviceOn:
[  1946.645] (II) config/udev: Adding drm device (/dev/dri/card0)
[  1946.645] (II) xfree86: Adding drm device (/dev/dri/card0)
[  1946.645] (II) Platform probe for /sys/devices/pci0000:00/0000:00:02.0/drm/card0
[  1946.659] rdpDeferredRandR:
[  1946.659] rdpResizeSession: width 1024 height 768
[  1946.659]   calling RRScreenSizeSet
[  1946.659] rdpRRScreenSetSize: width 1024 height 768 mmWidth 271 mmHeight 203
[  1946.659] rdpRRGetInfo:
[  1946.659]   screen resized to 1024x768
[  1946.661]   RRScreenSizeSet ok 1
[  1946.661] rdpResizeSession: width 1920 height 962
[  1946.661]   calling RRScreenSizeSet
[  1946.661] rdpRRScreenSetSize: width 1920 height 962 mmWidth 508 mmHeight 255
[  1946.661] rdpRRGetInfo:
[  1946.661]   screen resized to 1920x962
[  1946.669]   RRScreenSizeSet ok 1
[  1946.670] rdpClientConGotConnection:
[  1946.670] rdpClientConGotConnection: g_sck_accept ok new_sck 16
[  1946.670] rdpClientConGetConnection: idle_disconnect_timeout set to non-positive value, idle timer turned off
[  1946.671] rdpAddClientConToDev: adding first clientCon 0x7f18053c2140
[  1946.671] rdpClientConProcessMsgVersion: version 0 0 0 1
[  1946.671] rdpClientConProcessScreenSizeMsg: set width 1920 height 962 bpp 16
[  1946.671] rdpClientConProcessScreenSizeMsg: shmemid 0 shmemptr 0x7f17fc092000
[  1946.671] rdpClientConProcessMsgClientInput: invalidate x 0 y 0 cx 1920 cy 962
[  1946.739] rdpInDeferredRepeatCallback:
[  1946.739] rdpkeybChangeKeyboardControl:
[  1946.739] rdpkeybChangeKeyboardControl: autoRepeat off
[  1947.292] rdpRRGetInfo:
[  1951.167] rdpRRGetInfo:
[  1961.077] rdpClientConProcessMsgClientInfo:
[  1961.077]   got client info bytes 7072
[  1961.077]   jpeg support 0
[  1961.077]   offscreen support 0
[  1961.077]   offscreen size 0
[  1961.077]   offscreen entries 0
[  1961.077]   client supports glyph cache but server disabled
[  1961.078]   client can not do offscreen to offscreen blits
[  1961.078]   client can do new(color) cursor
[  1961.078]   client can not do multimon
[  1961.078] rdpRRSetRdpOutputs: numCrtcs 0 numOutputs 0 monitorCount 0
[  1961.078] rdpRRSetRdpOutputs: add output 0 left 0 top 0 width 1920 height 962
[  1961.078] rdpLoadLayout: keylayout 0x00000409 variant  display 10
[  1961.078] rdpkeybChangeKeyboardControl:
[  1961.078] rdpkeybChangeKeyboardControl: autoRepeat on
[  1961.081] rdpkeybChangeKeyboardControl:
[  1961.081] rdpkeybChangeKeyboardControl: autoRepeat on
[  1961.178] rdpInDeferredRepeatCallback:
[  1961.178] rdpkeybChangeKeyboardControl:
[  1961.178] rdpkeybChangeKeyboardControl: autoRepeat off
[  1961.182] rdpInDeferredRepeatCallback:
[  1961.182] rdpkeybChangeKeyboardControl:
[  1961.182] rdpkeybChangeKeyboardControl: autoRepeat off
[  2977.456] rdpClientConRecv: g_sck_recv failed(returned 0)
[  2977.456] rdpClientConRecvMsg: error
[  2977.456] rdpClientConCheck: rdpClientConGotData failed
[  2977.456] rdpClientConDisconnect:
[  2977.456] rdpRemoveClientConFromDev: removing clientCon 0x7f18053c2140
[  2979.656] rdpClientConGotConnection:
[  2979.657] rdpClientConGotConnection: g_sck_accept ok new_sck 16
[  2979.657] rdpClientConGetConnection: idle_disconnect_timeout set to non-positive value, idle timer turned off
[  2979.657] rdpAddClientConToDev: adding first clientCon 0x7f18053c2290
[  2979.681] rdpClientConProcessMsgVersion: version 0 0 0 1
[  2979.682] rdpClientConProcessScreenSizeMsg: set width 1920 height 962 bpp 16
[  2979.682] rdpClientConProcessScreenSizeMsg: shmemid 2 shmemptr 0x7f17fc092000
[  2979.682] rdpClientConProcessMsgClientInput: invalidate x 0 y 0 cx 1920 cy 962
[  2995.914] rdpClientConProcessMsgClientInfo:
[  2995.914]   got client info bytes 7072
[  2995.914]   jpeg support 0
[  2995.914]   offscreen support 0
[  2995.914]   offscreen size 0
[  2995.914]   offscreen entries 0
[  2995.914]   client supports glyph cache but server disabled
[  2995.914]   client can not do offscreen to offscreen blits
[  2995.914]   client can do new(color) cursor
[  2995.914]   client can not do multimon
[  2995.914] rdpRRSetRdpOutputs: numCrtcs 1 numOutputs 1 monitorCount 0
[  2995.915] rdpRRSetRdpOutputs: update output 0 left 0 top 0 width 1920 height 962
[  2995.915] rdpRRUpdateOutput:
[  2995.915] rdpLoadLayout: keylayout 0x00000409 variant  display 10
[  2995.915] rdpkeybChangeKeyboardControl:
[  2995.915] rdpkeybChangeKeyboardControl: autoRepeat on
[  2995.917] rdpkeybChangeKeyboardControl:
[  2995.917] rdpkeybChangeKeyboardControl: autoRepeat on
[  2996.015] rdpInDeferredRepeatCallback:
[  2996.015] rdpkeybChangeKeyboardControl:
[  2996.015] rdpkeybChangeKeyboardControl: autoRepeat off
[  2996.017] rdpInDeferredRepeatCallback:
[  2996.017] rdpkeybChangeKeyboardControl:
[  2996.017] rdpkeybChangeKeyboardControl: autoRepeat off
