Crash Annotation GraphicsCriticalError: |[0][GFX1-]: glxtest: libpci missing (t=9.10369) [GFX1-]: glxtest: libpci missing
Crash Annotation GraphicsCriticalError: |[0][GFX1-]: glxtest: libpci missing (t=9.10369) |[1][GFX1-]: glxtest: libEGL missing (t=9.10384) [GFX1-]: glxtest: libEGL missing
Crash Annotation GraphicsCriticalError: |[0][GFX1-]: glxtest: libpci missing (t=9.10369) |[1][GFX1-]: glxtest: libEGL missing (t=9.10384) |[2][GFX1-]: glxtest: libGL.so.1 missing (t=9.1039) [GFX1-]: glxtest: libGL.so.1 missing
Crash Annotation GraphicsCriticalError: |[0][GFX1-]: glxtest: libpci missing (t=9.10369) |[1][GFX1-]: glxtest: libEGL missing (t=9.10384) |[2][GFX1-]: glxtest: libGL.so.1 missing (t=9.1039) |[3][GFX1-]: glxtest: libEGL missing (t=9.10395) [GFX1-]: glxtest: libEGL missing
Crash Annotation GraphicsCriticalError: |[0][GFX1-]: glxtest: libpci missing (t=9.10369) |[1][GFX1-]: glxtest: libEGL missing (t=9.10384) |[2][GFX1-]: glxtest: libGL.so.1 missing (t=9.1039) |[3][GFX1-]: glxtest: libEGL missing (t=9.10395) |[4][GFX1-]: No GPUs detected via PCI (t=9.10403) [GFX1-]: No GPUs detected via PCI
Crash Annotation GraphicsCriticalError: |[0][GFX1-]: glxtest: libpci missing (t=1.00294) [GFX1-]: glxtest: libpci missing
Crash Annotation GraphicsCriticalError: |[0][GFX1-]: glxtest: libpci missing (t=1.00294) |[1][GFX1-]: glxtest: libEGL missing (t=1.00298) [GFX1-]: glxtest: libEGL missing
Crash Annotation GraphicsCriticalError: |[0][GFX1-]: glxtest: libpci missing (t=1.00294) |[1][GFX1-]: glxtest: libEGL missing (t=1.00298) |[2][GFX1-]: glxtest: libGL.so.1 missing (t=1.003) [GFX1-]: glxtest: libGL.so.1 missing
Crash Annotation GraphicsCriticalError: |[0][GFX1-]: glxtest: libpci missing (t=1.00294) |[1][GFX1-]: glxtest: libEGL missing (t=1.00298) |[2][GFX1-]: glxtest: libGL.so.1 missing (t=1.003) |[3][GFX1-]: glxtest: libEGL missing (t=1.00301) [GFX1-]: glxtest: libEGL missing
Crash Annotation GraphicsCriticalError: |[0][GFX1-]: glxtest: libpci missing (t=1.00294) |[1][GFX1-]: glxtest: libEGL missing (t=1.00298) |[2][GFX1-]: glxtest: libGL.so.1 missing (t=1.003) |[3][GFX1-]: glxtest: libEGL missing (t=1.00301) |[4][GFX1-]: No GPUs detected via PCI (t=1.00303) [GFX1-]: No GPUs detected via PCI
Crash Annotation GraphicsCriticalError: |[0][GFX1-]: glxtest: libpci missing (t=0.955423) [GFX1-]: glxtest: libpci missing
Crash Annotation GraphicsCriticalError: |[0][GFX1-]: glxtest: libpci missing (t=0.955423) |[1][GFX1-]: glxtest: libEGL missing (t=0.955462) [GFX1-]: glxtest: libEGL missing
Crash Annotation GraphicsCriticalError: |[0][GFX1-]: glxtest: libpci missing (t=0.955423) |[1][GFX1-]: glxtest: libEGL missing (t=0.955462) |[2][GFX1-]: glxtest: libGL.so.1 missing (t=0.955492) [GFX1-]: glxtest: libGL.so.1 missing
Crash Annotation GraphicsCriticalError: |[0][GFX1-]: glxtest: libpci missing (t=0.955423) |[1][GFX1-]: glxtest: libEGL missing (t=0.955462) |[2][GFX1-]: glxtest: libGL.so.1 missing (t=0.955492) |[3][GFX1-]: glxtest: libEGL missing (t=0.955505) [GFX1-]: glxtest: libEGL missing
Crash Annotation GraphicsCriticalError: |[0][GFX1-]: glxtest: libpci missing (t=0.955423) |[1][GFX1-]: glxtest: libEGL missing (t=0.955462) |[2][GFX1-]: glxtest: libGL.so.1 missing (t=0.955492) |[3][GFX1-]: glxtest: libEGL missing (t=0.955505) |[4][GFX1-]: No GPUs detected via PCI (t=0.955523) [GFX1-]: No GPUs detected via PCI
Crash Annotation GraphicsCriticalError: |[0][GFX1-]: glxtest: libpci missing (t=0.930906) [GFX1-]: glxtest: libpci missing
Crash Annotation GraphicsCriticalError: |[0][GFX1-]: glxtest: libpci missing (t=0.930906) |[1][GFX1-]: glxtest: libEGL missing (t=0.930946) [GFX1-]: glxtest: libEGL missing
Crash Annotation GraphicsCriticalError: |[0][GFX1-]: glxtest: libpci missing (t=0.930906) |[1][GFX1-]: glxtest: libEGL missing (t=0.930946) |[2][GFX1-]: glxtest: libGL.so.1 missing (t=0.930972) [GFX1-]: glxtest: libGL.so.1 missing
Crash Annotation GraphicsCriticalError: |[0][GFX1-]: glxtest: libpci missing (t=0.930906) |[1][GFX1-]: glxtest: libEGL missing (t=0.930946) |[2][GFX1-]: glxtest: libGL.so.1 missing (t=0.930972) |[3][GFX1-]: glxtest: libEGL missing (t=0.930984) [GFX1-]: glxtest: libEGL missing
Crash Annotation GraphicsCriticalError: |[0][GFX1-]: glxtest: libpci missing (t=0.930906) |[1][GFX1-]: glxtest: libEGL missing (t=0.930946) |[2][GFX1-]: glxtest: libGL.so.1 missing (t=0.930972) |[3][GFX1-]: glxtest: libEGL missing (t=0.930984) |[4][GFX1-]: No GPUs detected via PCI (t=0.931011) [GFX1-]: No GPUs detected via PCI
Crash Annotation GraphicsCriticalError: |[0][GFX1-]: glxtest: libpci missing (t=0.948293) [GFX1-]: glxtest: libpci missing
Crash Annotation GraphicsCriticalError: |[0][GFX1-]: glxtest: libpci missing (t=0.948293) |[1][GFX1-]: glxtest: libEGL missing (t=0.948331) [GFX1-]: glxtest: libEGL missing
Crash Annotation GraphicsCriticalError: |[0][GFX1-]: glxtest: libpci missing (t=0.948293) |[1][GFX1-]: glxtest: libEGL missing (t=0.948331) |[2][GFX1-]: glxtest: libGL.so.1 missing (t=0.948357) [GFX1-]: glxtest: libGL.so.1 missing
Crash Annotation GraphicsCriticalError: |[0][GFX1-]: glxtest: libpci missing (t=0.948293) |[1][GFX1-]: glxtest: libEGL missing (t=0.948331) |[2][GFX1-]: glxtest: libGL.so.1 missing (t=0.948357) |[3][GFX1-]: glxtest: libEGL missing (t=0.948369) [GFX1-]: glxtest: libEGL missing
Crash Annotation GraphicsCriticalError: |[0][GFX1-]: glxtest: libpci missing (t=0.948293) |[1][GFX1-]: glxtest: libEGL missing (t=0.948331) |[2][GFX1-]: glxtest: libGL.so.1 missing (t=0.948357) |[3][GFX1-]: glxtest: libEGL missing (t=0.948369) |[4][GFX1-]: No GPUs detected via PCI (t=0.948387) [GFX1-]: No GPUs detected via PCI
Crash Annotation GraphicsCriticalError: |[0][GFX1-]: glxtest: libpci missing (t=0.987179) [GFX1-]: glxtest: libpci missing
Crash Annotation GraphicsCriticalError: |[0][GFX1-]: glxtest: libpci missing (t=0.987179) |[1][GFX1-]: glxtest: libEGL missing (t=0.987216) [GFX1-]: glxtest: libEGL missing
Crash Annotation GraphicsCriticalError: |[0][GFX1-]: glxtest: libpci missing (t=0.987179) |[1][GFX1-]: glxtest: libEGL missing (t=0.987216) |[2][GFX1-]: glxtest: libGL.so.1 missing (t=0.987243) [GFX1-]: glxtest: libGL.so.1 missing
Crash Annotation GraphicsCriticalError: |[0][GFX1-]: glxtest: libpci missing (t=0.987179) |[1][GFX1-]: glxtest: libEGL missing (t=0.987216) |[2][GFX1-]: glxtest: libGL.so.1 missing (t=0.987243) |[3][GFX1-]: glxtest: libEGL missing (t=0.987255) [GFX1-]: glxtest: libEGL missing
Crash Annotation GraphicsCriticalError: |[0][GFX1-]: glxtest: libpci missing (t=0.987179) |[1][GFX1-]: glxtest: libEGL missing (t=0.987216) |[2][GFX1-]: glxtest: libGL.so.1 missing (t=0.987243) |[3][GFX1-]: glxtest: libEGL missing (t=0.987255) |[4][GFX1-]: No GPUs detected via PCI (t=0.987272) [GFX1-]: No GPUs detected via PCI
Crash Annotation GraphicsCriticalError: |[0][GFX1-]: glxtest: libpci missing (t=0.988801) [GFX1-]: glxtest: libpci missing
Crash Annotation GraphicsCriticalError: |[0][GFX1-]: glxtest: libpci missing (t=0.988801) |[1][GFX1-]: glxtest: libEGL missing (t=0.988838) [GFX1-]: glxtest: libEGL missing
Crash Annotation GraphicsCriticalError: |[0][GFX1-]: glxtest: libpci missing (t=0.988801) |[1][GFX1-]: glxtest: libEGL missing (t=0.988838) |[2][GFX1-]: glxtest: libGL.so.1 missing (t=0.988852) [GFX1-]: glxtest: libGL.so.1 missing
Crash Annotation GraphicsCriticalError: |[0][GFX1-]: glxtest: libpci missing (t=0.988801) |[1][GFX1-]: glxtest: libEGL missing (t=0.988838) |[2][GFX1-]: glxtest: libGL.so.1 missing (t=0.988852) |[3][GFX1-]: glxtest: libEGL missing (t=0.988864) [GFX1-]: glxtest: libEGL missing
Crash Annotation GraphicsCriticalError: |[0][GFX1-]: glxtest: libpci missing (t=0.988801) |[1][GFX1-]: glxtest: libEGL missing (t=0.988838) |[2][GFX1-]: glxtest: libGL.so.1 missing (t=0.988852) |[3][GFX1-]: glxtest: libEGL missing (t=0.988864) |[4][GFX1-]: No GPUs detected via PCI (t=0.988882) [GFX1-]: No GPUs detected via PCI
Crash Annotation GraphicsCriticalError: |[0][GFX1-]: glxtest: libpci missing (t=7.0382) [GFX1-]: glxtest: libpci missing
Crash Annotation GraphicsCriticalError: |[0][GFX1-]: glxtest: libpci missing (t=7.0382) |[1][GFX1-]: glxtest: libEGL missing (t=7.03827) [GFX1-]: glxtest: libEGL missing
Crash Annotation GraphicsCriticalError: |[0][GFX1-]: glxtest: libpci missing (t=7.0382) |[1][GFX1-]: glxtest: libEGL missing (t=7.03827) |[2][GFX1-]: glxtest: libGL.so.1 missing (t=7.03828) [GFX1-]: glxtest: libGL.so.1 missing
Crash Annotation GraphicsCriticalError: |[0][GFX1-]: glxtest: libpci missing (t=7.0382) |[1][GFX1-]: glxtest: libEGL missing (t=7.03827) |[2][GFX1-]: glxtest: libGL.so.1 missing (t=7.03828) |[3][GFX1-]: glxtest: libEGL missing (t=7.03831) [GFX1-]: glxtest: libEGL missing
Crash Annotation GraphicsCriticalError: |[0][GFX1-]: glxtest: libpci missing (t=7.0382) |[1][GFX1-]: glxtest: libEGL missing (t=7.03827) |[2][GFX1-]: glxtest: libGL.so.1 missing (t=7.03828) |[3][GFX1-]: glxtest: libEGL missing (t=7.03831) |[4][GFX1-]: No GPUs detected via PCI (t=7.03833) [GFX1-]: No GPUs detected via PCI
Crash Annotation GraphicsCriticalError: |[0][GFX1-]: glxtest: libpci missing (t=1.04713) [GFX1-]: glxtest: libpci missing
Crash Annotation GraphicsCriticalError: |[0][GFX1-]: glxtest: libpci missing (t=1.04713) |[1][GFX1-]: glxtest: libEGL missing (t=1.04723) [GFX1-]: glxtest: libEGL missing
Crash Annotation GraphicsCriticalError: |[0][GFX1-]: glxtest: libpci missing (t=1.04713) |[1][GFX1-]: glxtest: libEGL missing (t=1.04723) |[2][GFX1-]: glxtest: libGL.so.1 missing (t=1.04725) [GFX1-]: glxtest: libGL.so.1 missing
Crash Annotation GraphicsCriticalError: |[0][GFX1-]: glxtest: libpci missing (t=1.04713) |[1][GFX1-]: glxtest: libEGL missing (t=1.04723) |[2][GFX1-]: glxtest: libGL.so.1 missing (t=1.04725) |[3][GFX1-]: glxtest: libEGL missing (t=1.04727) [GFX1-]: glxtest: libEGL missing
Crash Annotation GraphicsCriticalError: |[0][GFX1-]: glxtest: libpci missing (t=1.04713) |[1][GFX1-]: glxtest: libEGL missing (t=1.04723) |[2][GFX1-]: glxtest: libGL.so.1 missing (t=1.04725) |[3][GFX1-]: glxtest: libEGL missing (t=1.04727) |[4][GFX1-]: No GPUs detected via PCI (t=1.0473) [GFX1-]: No GPUs detected via PCI
Crash Annotation GraphicsCriticalError: |[0][GFX1-]: glxtest: libpci missing (t=0.955028) [GFX1-]: glxtest: libpci missing
Crash Annotation GraphicsCriticalError: |[0][GFX1-]: glxtest: libpci missing (t=0.955028) |[1][GFX1-]: glxtest: libEGL missing (t=0.955064) [GFX1-]: glxtest: libEGL missing
Crash Annotation GraphicsCriticalError: |[0][GFX1-]: glxtest: libpci missing (t=0.955028) |[1][GFX1-]: glxtest: libEGL missing (t=0.955064) |[2][GFX1-]: glxtest: libGL.so.1 missing (t=0.955077) [GFX1-]: glxtest: libGL.so.1 missing
Crash Annotation GraphicsCriticalError: |[0][GFX1-]: glxtest: libpci missing (t=0.955028) |[1][GFX1-]: glxtest: libEGL missing (t=0.955064) |[2][GFX1-]: glxtest: libGL.so.1 missing (t=0.955077) |[3][GFX1-]: glxtest: libEGL missing (t=0.955089) [GFX1-]: glxtest: libEGL missing
Crash Annotation GraphicsCriticalError: |[0][GFX1-]: glxtest: libpci missing (t=0.955028) |[1][GFX1-]: glxtest: libEGL missing (t=0.955064) |[2][GFX1-]: glxtest: libGL.so.1 missing (t=0.955077) |[3][GFX1-]: glxtest: libEGL missing (t=0.955089) |[4][GFX1-]: No GPUs detected via PCI (t=0.955107) [GFX1-]: No GPUs detected via PCI
Crash Annotation GraphicsCriticalError: |[0][GFX1-]: glxtest: libpci missing (t=1.03258) [GFX1-]: glxtest: libpci missing
Crash Annotation GraphicsCriticalError: |[0][GFX1-]: glxtest: libpci missing (t=1.03258) |[1][GFX1-]: glxtest: libEGL missing (t=1.03262) [GFX1-]: glxtest: libEGL missing
Crash Annotation GraphicsCriticalError: |[0][GFX1-]: glxtest: libpci missing (t=1.03258) |[1][GFX1-]: glxtest: libEGL missing (t=1.03262) |[2][GFX1-]: glxtest: libGL.so.1 missing (t=1.03263) [GFX1-]: glxtest: libGL.so.1 missing
Crash Annotation GraphicsCriticalError: |[0][GFX1-]: glxtest: libpci missing (t=1.03258) |[1][GFX1-]: glxtest: libEGL missing (t=1.03262) |[2][GFX1-]: glxtest: libGL.so.1 missing (t=1.03263) |[3][GFX1-]: glxtest: libEGL missing (t=1.03264) [GFX1-]: glxtest: libEGL missing
Crash Annotation GraphicsCriticalError: |[0][GFX1-]: glxtest: libpci missing (t=1.03258) |[1][GFX1-]: glxtest: libEGL missing (t=1.03262) |[2][GFX1-]: glxtest: libGL.so.1 missing (t=1.03263) |[3][GFX1-]: glxtest: libEGL missing (t=1.03264) |[4][GFX1-]: No GPUs detected via PCI (t=1.03266) [GFX1-]: No GPUs detected via PCI
Crash Annotation GraphicsCriticalError: |[0][GFX1-]: glxtest: libpci missing (t=0.96016) [GFX1-]: glxtest: libpci missing
Crash Annotation GraphicsCriticalError: |[0][GFX1-]: glxtest: libpci missing (t=0.96016) |[1][GFX1-]: glxtest: libEGL missing (t=0.960215) [GFX1-]: glxtest: libEGL missing
Crash Annotation GraphicsCriticalError: |[0][GFX1-]: glxtest: libpci missing (t=0.96016) |[1][GFX1-]: glxtest: libEGL missing (t=0.960215) |[2][GFX1-]: glxtest: libGL.so.1 missing (t=0.960242) [GFX1-]: glxtest: libGL.so.1 missing
Crash Annotation GraphicsCriticalError: |[0][GFX1-]: glxtest: libpci missing (t=0.96016) |[1][GFX1-]: glxtest: libEGL missing (t=0.960215) |[2][GFX1-]: glxtest: libGL.so.1 missing (t=0.960242) |[3][GFX1-]: glxtest: libEGL missing (t=0.960254) [GFX1-]: glxtest: libEGL missing
Crash Annotation GraphicsCriticalError: |[0][GFX1-]: glxtest: libpci missing (t=0.96016) |[1][GFX1-]: glxtest: libEGL missing (t=0.960215) |[2][GFX1-]: glxtest: libGL.so.1 missing (t=0.960242) |[3][GFX1-]: glxtest: libEGL missing (t=0.960254) |[4][GFX1-]: No GPUs detected via PCI (t=0.960272) [GFX1-]: No GPUs detected via PCI
Crash Annotation GraphicsCriticalError: |[0][GFX1-]: glxtest: libpci missing (t=1.14391) [GFX1-]: glxtest: libpci missing
Crash Annotation GraphicsCriticalError: |[0][GFX1-]: glxtest: libpci missing (t=1.14391) |[1][GFX1-]: glxtest: libEGL missing (t=1.14395) [GFX1-]: glxtest: libEGL missing
Crash Annotation GraphicsCriticalError: |[0][GFX1-]: glxtest: libpci missing (t=1.14391) |[1][GFX1-]: glxtest: libEGL missing (t=1.14395) |[2][GFX1-]: glxtest: libGL.so.1 missing (t=1.14397) [GFX1-]: glxtest: libGL.so.1 missing
Crash Annotation GraphicsCriticalError: |[0][GFX1-]: glxtest: libpci missing (t=1.14391) |[1][GFX1-]: glxtest: libEGL missing (t=1.14395) |[2][GFX1-]: glxtest: libGL.so.1 missing (t=1.14397) |[3][GFX1-]: glxtest: libEGL missing (t=1.14399) [GFX1-]: glxtest: libEGL missing
Crash Annotation GraphicsCriticalError: |[0][GFX1-]: glxtest: libpci missing (t=1.14391) |[1][GFX1-]: glxtest: libEGL missing (t=1.14395) |[2][GFX1-]: glxtest: libGL.so.1 missing (t=1.14397) |[3][GFX1-]: glxtest: libEGL missing (t=1.14399) |[4][GFX1-]: No GPUs detected via PCI (t=1.144) [GFX1-]: No GPUs detected via PCI
Crash Annotation GraphicsCriticalError: |[0][GFX1-]: glxtest: libpci missing (t=1.00632) [GFX1-]: glxtest: libpci missing
Crash Annotation GraphicsCriticalError: |[0][GFX1-]: glxtest: libpci missing (t=1.00632) |[1][GFX1-]: glxtest: libEGL missing (t=1.00636) [GFX1-]: glxtest: libEGL missing
Crash Annotation GraphicsCriticalError: |[0][GFX1-]: glxtest: libpci missing (t=1.00632) |[1][GFX1-]: glxtest: libEGL missing (t=1.00636) |[2][GFX1-]: glxtest: libGL.so.1 missing (t=1.00637) [GFX1-]: glxtest: libGL.so.1 missing
Crash Annotation GraphicsCriticalError: |[0][GFX1-]: glxtest: libpci missing (t=1.00632) |[1][GFX1-]: glxtest: libEGL missing (t=1.00636) |[2][GFX1-]: glxtest: libGL.so.1 missing (t=1.00637) |[3][GFX1-]: glxtest: libEGL missing (t=1.00639) [GFX1-]: glxtest: libEGL missing
Crash Annotation GraphicsCriticalError: |[0][GFX1-]: glxtest: libpci missing (t=1.00632) |[1][GFX1-]: glxtest: libEGL missing (t=1.00636) |[2][GFX1-]: glxtest: libGL.so.1 missing (t=1.00637) |[3][GFX1-]: glxtest: libEGL missing (t=1.00639) |[4][GFX1-]: No GPUs detected via PCI (t=1.00641) [GFX1-]: No GPUs detected via PCI
Crash Annotation GraphicsCriticalError: |[0][GFX1-]: glxtest: libpci missing (t=1.19224) [GFX1-]: glxtest: libpci missing
Crash Annotation GraphicsCriticalError: |[0][GFX1-]: glxtest: libpci missing (t=1.19224) |[1][GFX1-]: glxtest: libEGL missing (t=1.19228) [GFX1-]: glxtest: libEGL missing
Crash Annotation GraphicsCriticalError: |[0][GFX1-]: glxtest: libpci missing (t=1.19224) |[1][GFX1-]: glxtest: libEGL missing (t=1.19228) |[2][GFX1-]: glxtest: libGL.so.1 missing (t=1.19231) [GFX1-]: glxtest: libGL.so.1 missing
Crash Annotation GraphicsCriticalError: |[0][GFX1-]: glxtest: libpci missing (t=1.19224) |[1][GFX1-]: glxtest: libEGL missing (t=1.19228) |[2][GFX1-]: glxtest: libGL.so.1 missing (t=1.19231) |[3][GFX1-]: glxtest: libEGL missing (t=1.19232) [GFX1-]: glxtest: libEGL missing
Crash Annotation GraphicsCriticalError: |[0][GFX1-]: glxtest: libpci missing (t=1.19224) |[1][GFX1-]: glxtest: libEGL missing (t=1.19228) |[2][GFX1-]: glxtest: libGL.so.1 missing (t=1.19231) |[3][GFX1-]: glxtest: libEGL missing (t=1.19232) |[4][GFX1-]: No GPUs detected via PCI (t=1.19235) [GFX1-]: No GPUs detected via PCI
Crash Annotation GraphicsCriticalError: |[0][GFX1-]: glxtest: libpci missing (t=1.07057) [GFX1-]: glxtest: libpci missing
Crash Annotation GraphicsCriticalError: |[0][GFX1-]: glxtest: libpci missing (t=1.07057) |[1][GFX1-]: glxtest: libEGL missing (t=1.07061) [GFX1-]: glxtest: libEGL missing
Crash Annotation GraphicsCriticalError: |[0][GFX1-]: glxtest: libpci missing (t=1.07057) |[1][GFX1-]: glxtest: libEGL missing (t=1.07061) |[2][GFX1-]: glxtest: libGL.so.1 missing (t=1.07063) [GFX1-]: glxtest: libGL.so.1 missing
Crash Annotation GraphicsCriticalError: |[0][GFX1-]: glxtest: libpci missing (t=1.07057) |[1][GFX1-]: glxtest: libEGL missing (t=1.07061) |[2][GFX1-]: glxtest: libGL.so.1 missing (t=1.07063) |[3][GFX1-]: glxtest: libEGL missing (t=1.07064) [GFX1-]: glxtest: libEGL missing
Crash Annotation GraphicsCriticalError: |[0][GFX1-]: glxtest: libpci missing (t=1.07057) |[1][GFX1-]: glxtest: libEGL missing (t=1.07061) |[2][GFX1-]: glxtest: libGL.so.1 missing (t=1.07063) |[3][GFX1-]: glxtest: libEGL missing (t=1.07064) |[4][GFX1-]: No GPUs detected via PCI (t=1.07066) [GFX1-]: No GPUs detected via PCI
Crash Annotation GraphicsCriticalError: |[0][GFX1-]: glxtest: libpci missing (t=1.02275) [GFX1-]: glxtest: libpci missing
Crash Annotation GraphicsCriticalError: |[0][GFX1-]: glxtest: libpci missing (t=1.02275) |[1][GFX1-]: glxtest: libEGL missing (t=1.0228) [GFX1-]: glxtest: libEGL missing
Crash Annotation GraphicsCriticalError: |[0][GFX1-]: glxtest: libpci missing (t=1.02275) |[1][GFX1-]: glxtest: libEGL missing (t=1.0228) |[2][GFX1-]: glxtest: libGL.so.1 missing (t=1.02281) [GFX1-]: glxtest: libGL.so.1 missing
Crash Annotation GraphicsCriticalError: |[0][GFX1-]: glxtest: libpci missing (t=1.02275) |[1][GFX1-]: glxtest: libEGL missing (t=1.0228) |[2][GFX1-]: glxtest: libGL.so.1 missing (t=1.02281) |[3][GFX1-]: glxtest: libEGL missing (t=1.02283) [GFX1-]: glxtest: libEGL missing
Crash Annotation GraphicsCriticalError: |[0][GFX1-]: glxtest: libpci missing (t=1.02275) |[1][GFX1-]: glxtest: libEGL missing (t=1.0228) |[2][GFX1-]: glxtest: libGL.so.1 missing (t=1.02281) |[3][GFX1-]: glxtest: libEGL missing (t=1.02283) |[4][GFX1-]: No GPUs detected via PCI (t=1.02285) [GFX1-]: No GPUs detected via PCI
Crash Annotation GraphicsCriticalError: |[0][GFX1-]: glxtest: libpci missing (t=0.983211) [GFX1-]: glxtest: libpci missing
Crash Annotation GraphicsCriticalError: |[0][GFX1-]: glxtest: libpci missing (t=0.983211) |[1][GFX1-]: glxtest: libEGL missing (t=0.983252) [GFX1-]: glxtest: libEGL missing
Crash Annotation GraphicsCriticalError: |[0][GFX1-]: glxtest: libpci missing (t=0.983211) |[1][GFX1-]: glxtest: libEGL missing (t=0.983252) |[2][GFX1-]: glxtest: libGL.so.1 missing (t=0.983281) [GFX1-]: glxtest: libGL.so.1 missing
Crash Annotation GraphicsCriticalError: |[0][GFX1-]: glxtest: libpci missing (t=0.983211) |[1][GFX1-]: glxtest: libEGL missing (t=0.983252) |[2][GFX1-]: glxtest: libGL.so.1 missing (t=0.983281) |[3][GFX1-]: glxtest: libEGL missing (t=0.983294) [GFX1-]: glxtest: libEGL missing
Crash Annotation GraphicsCriticalError: |[0][GFX1-]: glxtest: libpci missing (t=0.983211) |[1][GFX1-]: glxtest: libEGL missing (t=0.983252) |[2][GFX1-]: glxtest: libGL.so.1 missing (t=0.983281) |[3][GFX1-]: glxtest: libEGL missing (t=0.983294) |[4][GFX1-]: No GPUs detected via PCI (t=0.983312) [GFX1-]: No GPUs detected via PCI
Crash Annotation GraphicsCriticalError: |[0][GFX1-]: glxtest: libpci missing (t=1.12303) [GFX1-]: glxtest: libpci missing
Crash Annotation GraphicsCriticalError: |[0][GFX1-]: glxtest: libpci missing (t=1.12303) |[1][GFX1-]: glxtest: libEGL missing (t=1.12307) [GFX1-]: glxtest: libEGL missing
Crash Annotation GraphicsCriticalError: |[0][GFX1-]: glxtest: libpci missing (t=1.12303) |[1][GFX1-]: glxtest: libEGL missing (t=1.12307) |[2][GFX1-]: glxtest: libGL.so.1 missing (t=1.12309) [GFX1-]: glxtest: libGL.so.1 missing
Crash Annotation GraphicsCriticalError: |[0][GFX1-]: glxtest: libpci missing (t=1.12303) |[1][GFX1-]: glxtest: libEGL missing (t=1.12307) |[2][GFX1-]: glxtest: libGL.so.1 missing (t=1.12309) |[3][GFX1-]: glxtest: libEGL missing (t=1.12311) [GFX1-]: glxtest: libEGL missing
Crash Annotation GraphicsCriticalError: |[0][GFX1-]: glxtest: libpci missing (t=1.12303) |[1][GFX1-]: glxtest: libEGL missing (t=1.12307) |[2][GFX1-]: glxtest: libGL.so.1 missing (t=1.12309) |[3][GFX1-]: glxtest: libEGL missing (t=1.12311) |[4][GFX1-]: No GPUs detected via PCI (t=1.12313) [GFX1-]: No GPUs detected via PCI
Crash Annotation GraphicsCriticalError: |[0][GFX1-]: glxtest: libpci missing (t=1.08168) [GFX1-]: glxtest: libpci missing
Crash Annotation GraphicsCriticalError: |[0][GFX1-]: glxtest: libpci missing (t=1.08168) |[1][GFX1-]: glxtest: libEGL missing (t=1.08173) [GFX1-]: glxtest: libEGL missing
Crash Annotation GraphicsCriticalError: |[0][GFX1-]: glxtest: libpci missing (t=1.08168) |[1][GFX1-]: glxtest: libEGL missing (t=1.08173) |[2][GFX1-]: glxtest: libGL.so.1 missing (t=1.08174) [GFX1-]: glxtest: libGL.so.1 missing
Crash Annotation GraphicsCriticalError: |[0][GFX1-]: glxtest: libpci missing (t=1.08168) |[1][GFX1-]: glxtest: libEGL missing (t=1.08173) |[2][GFX1-]: glxtest: libGL.so.1 missing (t=1.08174) |[3][GFX1-]: glxtest: libEGL missing (t=1.08175) [GFX1-]: glxtest: libEGL missing
Crash Annotation GraphicsCriticalError: |[0][GFX1-]: glxtest: libpci missing (t=1.08168) |[1][GFX1-]: glxtest: libEGL missing (t=1.08173) |[2][GFX1-]: glxtest: libGL.so.1 missing (t=1.08174) |[3][GFX1-]: glxtest: libEGL missing (t=1.08175) |[4][GFX1-]: No GPUs detected via PCI (t=1.08177) [GFX1-]: No GPUs detected via PCI
Crash Annotation GraphicsCriticalError: |[0][GFX1-]: glxtest: libpci missing (t=1.08168) [GFX1-]: glxtest: libpci missing
Crash Annotation GraphicsCriticalError: |[0][GFX1-]: glxtest: libpci missing (t=1.08168) |[1][GFX1-]: glxtest: libEGL missing (t=1.09673) [GFX1-]: glxtest: libEGL missing
Crash Annotation GraphicsCriticalError: |[0][GFX1-]: glxtest: libpci missing (t=1.08168) |[1][GFX1-]: glxtest: libEGL missing (t=1.09673) |[2][GFX1-]: glxtest: libGL.so.1 missing (t=1.09675) [GFX1-]: glxtest: libGL.so.1 missing
Crash Annotation GraphicsCriticalError: |[0][GFX1-]: glxtest: libpci missing (t=1.08168) |[1][GFX1-]: glxtest: libEGL missing (t=1.09673) |[2][GFX1-]: glxtest: libGL.so.1 missing (t=1.09675) |[3][GFX1-]: glxtest: libEGL missing (t=1.09677) [GFX1-]: glxtest: libEGL missing
Crash Annotation GraphicsCriticalError: |[0][GFX1-]: glxtest: libpci missing (t=1.08168) |[1][GFX1-]: glxtest: libEGL missing (t=1.09673) |[2][GFX1-]: glxtest: libGL.so.1 missing (t=1.09675) |[3][GFX1-]: glxtest: libEGL missing (t=1.09677) |[4][GFX1-]: No GPUs detected via PCI (t=1.09679) [GFX1-]: No GPUs detected via PCI
